# JRE version: OpenJDK Runtime Environment Temurin-17.0.4.1+1 (17.0.4.1+1) (build 17.0.4.1+1)
# Java VM: OpenJDK 64-Bit Server VM Temurin-17.0.4.1+1 (17.0.4.1+1, mixed mode, tiered, compressed oops, compressed class ptrs, parallel gc, windows-amd64)
GC Precious Log:
 CPUs: 4 total, 4 available
 Memory: 3933M
 Large Page Support: Disabled
 NUMA Support: Disabled
 Compressed Oops: Enabled (32-bit)
 Alignments: Space 512K, Generation 512K, Heap 2M
 Heap Min Capacity: 100M
 Heap Initial Capacity: 100M
 Heap Max Capacity: 1G
 Pre-touch: Disabled
 Parallel Workers: 4
Heap:
 PSYoungGen      total 6656K, used 3573K [0x00000000eab00000, 0x00000000eb880000, 0x0000000100000000)
  eden space 6144K, 50% used [0x00000000eab00000,0x00000000eae014b0,0x00000000eb100000)
  from space 512K, 96% used [0x00000000eb780000,0x00000000eb7fbf60,0x00000000eb800000)
  to   space 512K, 0% used [0x00000000eb800000,0x00000000eb800000,0x00000000eb880000)
 ParOldGen       total 113152K, used 96421K [0x00000000c0000000, 0x00000000c6e80000, 0x00000000eab00000)
  object space 113152K, 85% used [0x00000000c0000000,0x00000000c5e296d8,0x00000000c6e80000)
 Metaspace       used 67474K, committed 68608K, reserved 1114112K
  class space    used 7196K, committed 7680K, reserved 1048576K
GC Heap History (20 events):
Event: 179.881 GC heap before
{Heap before GC invocations=53 (full 4):
 PSYoungGen      total 10240K, used 6944K [0x00000000eab00000, 0x00000000eba80000, 0x0000000100000000)
  eden space 6144K, 100% used [0x00000000eab00000,0x00000000eb100000,0x00000000eb100000)
  from space 4096K, 19% used [0x00000000eb400000,0x00000000eb4c8000,0x00000000eb800000)
  to   space 1536K, 0% used [0x00000000eb900000,0x00000000eb900000,0x00000000eba80000)
 ParOldGen       total 113152K, used 92724K [0x00000000c0000000, 0x00000000c6e80000, 0x00000000eab00000)
  object space 113152K, 81% used [0x00000000c0000000,0x00000000c5a8d090,0x00000000c6e80000)
 Metaspace       used 64337K, committed 65344K, reserved 1114112K
  class space    used 6766K, committed 7168K, reserved 1048576K
}
Event: 179.883 GC heap after
{Heap after GC invocations=53 (full 4):
 PSYoungGen      total 7168K, used 961K [0x00000000eab00000, 0x00000000eba00000, 0x0000000100000000)
  eden space 6144K, 0% used [0x00000000eab00000,0x00000000eab00000,0x00000000eb100000)
  from space 1024K, 93% used [0x00000000eb900000,0x00000000eb9f0408,0x00000000eba00000)
  to   space 1024K, 0% used [0x00000000eb800000,0x00000000eb800000,0x00000000eb900000)
 ParOldGen       total 113152K, used 92732K [0x00000000c0000000, 0x00000000c6e80000, 0x00000000eab00000)
  object space 113152K, 81% used [0x00000000c0000000,0x00000000c5a8f090,0x00000000c6e80000)
 Metaspace       used 64337K, committed 65344K, reserved 1114112K
  class space    used 6766K, committed 7168K, reserved 1048576K
}
Event: 180.004 GC heap before
{Heap before GC invocations=54 (full 4):
 PSYoungGen      total 7168K, used 7105K [0x00000000eab00000, 0x00000000eba00000, 0x0000000100000000)
  eden space 6144K, 100% used [0x00000000eab00000,0x00000000eb100000,0x00000000eb100000)
  from space 1024K, 93% used [0x00000000eb900000,0x00000000eb9f0408,0x00000000eba00000)
  to   space 1024K, 0% used [0x00000000eb800000,0x00000000eb800000,0x00000000eb900000)
 ParOldGen       total 113152K, used 92732K [0x00000000c0000000, 0x00000000c6e80000, 0x00000000eab00000)
  object space 113152K, 81% used [0x00000000c0000000,0x00000000c5a8f090,0x00000000c6e80000)
 Metaspace       used 65139K, committed 66112K, reserved 1114112K
  class space    used 6893K, committed 7296K, reserved 1048576K
}
Event: 180.006 GC heap after
{Heap after GC invocations=54 (full 4):
 PSYoungGen      total 7168K, used 1009K [0x00000000eab00000, 0x00000000eb980000, 0x0000000100000000)
  eden space 6144K, 0% used [0x00000000eab00000,0x00000000eab00000,0x00000000eb100000)
  from space 1024K, 98% used [0x00000000eb800000,0x00000000eb8fc418,0x00000000eb900000)
  to   space 512K, 0% used [0x00000000eb900000,0x00000000eb900000,0x00000000eb980000)
 ParOldGen       total 113152K, used 92756K [0x00000000c0000000, 0x00000000c6e80000, 0x00000000eab00000)
  object space 113152K, 81% used [0x00000000c0000000,0x00000000c5a95090,0x00000000c6e80000)
 Metaspace       used 65139K, committed 66112K, reserved 1114112K
  class space    used 6893K, committed 7296K, reserved 1048576K
}
Event: 180.113 GC heap before
{Heap before GC invocations=55 (full 4):
 PSYoungGen      total 7168K, used 7148K [0x00000000eab00000, 0x00000000eb980000, 0x0000000100000000)
  eden space 6144K, 99% used [0x00000000eab00000,0x00000000eb0fee58,0x00000000eb100000)
  from space 1024K, 98% used [0x00000000eb800000,0x00000000eb8fc418,0x00000000eb900000)
  to   space 512K, 0% used [0x00000000eb900000,0x00000000eb900000,0x00000000eb980000)
 ParOldGen       total 113152K, used 92756K [0x00000000c0000000, 0x00000000c6e80000, 0x00000000eab00000)
  object space 113152K, 81% used [0x00000000c0000000,0x00000000c5a95090,0x00000000c6e80000)
 Metaspace       used 65782K, committed 66752K, reserved 1114112K
  class space    used 7030K, committed 7424K, reserved 1048576K
}
Event: 180.115 GC heap after
{Heap after GC invocations=55 (full 4):
 PSYoungGen      total 6656K, used 499K [0x00000000eab00000, 0x00000000eb980000, 0x0000000100000000)
  eden space 6144K, 0% used [0x00000000eab00000,0x00000000eab00000,0x00000000eb100000)
  from space 512K, 97% used [0x00000000eb900000,0x00000000eb97cfc0,0x00000000eb980000)
  to   space 1536K, 0% used [0x00000000eb680000,0x00000000eb680000,0x00000000eb800000)
 ParOldGen       total 113152K, used 93382K [0x00000000c0000000, 0x00000000c6e80000, 0x00000000eab00000)
  object space 113152K, 82% used [0x00000000c0000000,0x00000000c5b319c0,0x00000000c6e80000)
 Metaspace       used 65782K, committed 66752K, reserved 1114112K
  class space    used 7030K, committed 7424K, reserved 1048576K
}
Event: 195.934 GC heap before
{Heap before GC invocations=56 (full 4):
 PSYoungGen      total 6656K, used 6643K [0x00000000eab00000, 0x00000000eb980000, 0x0000000100000000)
  eden space 6144K, 100% used [0x00000000eab00000,0x00000000eb100000,0x00000000eb100000)
  from space 512K, 97% used [0x00000000eb900000,0x00000000eb97cfc0,0x00000000eb980000)
  to   space 1536K, 0% used [0x00000000eb680000,0x00000000eb680000,0x00000000eb800000)
 ParOldGen       total 113152K, used 93382K [0x00000000c0000000, 0x00000000c6e80000, 0x00000000eab00000)
  object space 113152K, 82% used [0x00000000c0000000,0x00000000c5b319c0,0x00000000c6e80000)
 Metaspace       used 66585K, committed 67648K, reserved 1114112K
  class space    used 7123K, committed 7552K, reserved 1048576K
}
Event: 195.937 GC heap after
{Heap after GC invocations=56 (full 4):
 PSYoungGen      total 7680K, used 496K [0x00000000eab00000, 0x00000000eb980000, 0x0000000100000000)
  eden space 6144K, 0% used [0x00000000eab00000,0x00000000eab00000,0x00000000eb100000)
  from space 1536K, 32% used [0x00000000eb680000,0x00000000eb6fc3f8,0x00000000eb800000)
  to   space 1024K, 0% used [0x00000000eb880000,0x00000000eb880000,0x00000000eb980000)
 ParOldGen       total 113152K, used 93574K [0x00000000c0000000, 0x00000000c6e80000, 0x00000000eab00000)
  object space 113152K, 82% used [0x00000000c0000000,0x00000000c5b619c0,0x00000000c6e80000)
 Metaspace       used 66585K, committed 67648K, reserved 1114112K
  class space    used 7123K, committed 7552K, reserved 1048576K
}
Event: 199.804 GC heap before
{Heap before GC invocations=57 (full 4):
 PSYoungGen      total 7680K, used 6640K [0x00000000eab00000, 0x00000000eb980000, 0x0000000100000000)
  eden space 6144K, 100% used [0x00000000eab00000,0x00000000eb100000,0x00000000eb100000)
  from space 1536K, 32% used [0x00000000eb680000,0x00000000eb6fc3f8,0x00000000eb800000)
  to   space 1024K, 0% used [0x00000000eb880000,0x00000000eb880000,0x00000000eb980000)
 ParOldGen       total 113152K, used 93574K [0x00000000c0000000, 0x00000000c6e80000, 0x00000000eab00000)
  object space 113152K, 82% used [0x00000000c0000000,0x00000000c5b619c0,0x00000000c6e80000)
 Metaspace       used 66827K, committed 67840K, reserved 1114112K
  class space    used 7144K, committed 7552K, reserved 1048576K
}
Event: 199.807 GC heap after
{Heap after GC invocations=57 (full 4):
 PSYoungGen      total 7168K, used 880K [0x00000000eab00000, 0x00000000eb980000, 0x0000000100000000)
  eden space 6144K, 0% used [0x00000000eab00000,0x00000000eab00000,0x00000000eb100000)
  from space 1024K, 86% used [0x00000000eb880000,0x00000000eb95c3f8,0x00000000eb980000)
  to   space 1024K, 0% used [0x00000000eb780000,0x00000000eb780000,0x00000000eb880000)
 ParOldGen       total 113152K, used 93574K [0x00000000c0000000, 0x00000000c6e80000, 0x00000000eab00000)
  object space 113152K, 82% used [0x00000000c0000000,0x00000000c5b619c0,0x00000000c6e80000)
 Metaspace       used 66827K, committed 67840K, reserved 1114112K
  class space    used 7144K, committed 7552K, reserved 1048576K
}
Event: 1621.999 GC heap before
{Heap before GC invocations=58 (full 4):
 PSYoungGen      total 7168K, used 7024K [0x00000000eab00000, 0x00000000eb980000, 0x0000000100000000)
  eden space 6144K, 100% used [0x00000000eab00000,0x00000000eb100000,0x00000000eb100000)
  from space 1024K, 86% used [0x00000000eb880000,0x00000000eb95c3f8,0x00000000eb980000)
  to   space 1024K, 0% used [0x00000000eb780000,0x00000000eb780000,0x00000000eb880000)
 ParOldGen       total 113152K, used 93574K [0x00000000c0000000, 0x00000000c6e80000, 0x00000000eab00000)
  object space 113152K, 82% used [0x00000000c0000000,0x00000000c5b619c0,0x00000000c6e80000)
 Metaspace       used 67124K, committed 68160K, reserved 1114112K
  class space    used 7170K, committed 7616K, reserved 1048576K
}
Event: 1622.167 GC heap after
{Heap after GC invocations=58 (full 4):
 PSYoungGen      total 7168K, used 560K [0x00000000eab00000, 0x00000000eb900000, 0x0000000100000000)
  eden space 6144K, 0% used [0x00000000eab00000,0x00000000eab00000,0x00000000eb100000)
  from space 1024K, 54% used [0x00000000eb780000,0x00000000eb80c3f8,0x00000000eb880000)
  to   space 512K, 0% used [0x00000000eb880000,0x00000000eb880000,0x00000000eb900000)
 ParOldGen       total 113152K, used 93582K [0x00000000c0000000, 0x00000000c6e80000, 0x00000000eab00000)
  object space 113152K, 82% used [0x00000000c0000000,0x00000000c5b639c0,0x00000000c6e80000)
 Metaspace       used 67124K, committed 68160K, reserved 1114112K
  class space    used 7170K, committed 7616K, reserved 1048576K
}
Event: 1768.532 GC heap before
{Heap before GC invocations=59 (full 4):
 PSYoungGen      total 7168K, used 5587K [0x00000000eab00000, 0x00000000eb900000, 0x0000000100000000)
  eden space 6144K, 81% used [0x00000000eab00000,0x00000000eafe8bb8,0x00000000eb100000)
  from space 1024K, 54% used [0x00000000eb780000,0x00000000eb80c3f8,0x00000000eb880000)
  to   space 512K, 0% used [0x00000000eb880000,0x00000000eb880000,0x00000000eb900000)
 ParOldGen       total 113152K, used 93582K [0x00000000c0000000, 0x00000000c6e80000, 0x00000000eab00000)
  object space 113152K, 82% used [0x00000000c0000000,0x00000000c5b639c0,0x00000000c6e80000)
 Metaspace       used 67314K, committed 68352K, reserved 1114112K
  class space    used 7180K, committed 7616K, reserved 1048576K
}
Event: 1768.705 GC heap after
{Heap after GC invocations=59 (full 4):
 PSYoungGen      total 6656K, used 505K [0x00000000eab00000, 0x00000000eb900000, 0x0000000100000000)
  eden space 6144K, 0% used [0x00000000eab00000,0x00000000eab00000,0x00000000eb100000)
  from space 512K, 98% used [0x00000000eb880000,0x00000000eb8fe7a0,0x00000000eb900000)
  to   space 1024K, 0% used [0x00000000eb700000,0x00000000eb700000,0x00000000eb800000)
 ParOldGen       total 113152K, used 93979K [0x00000000c0000000, 0x00000000c6e80000, 0x00000000eab00000)
  object space 113152K, 83% used [0x00000000c0000000,0x00000000c5bc6c20,0x00000000c6e80000)
 Metaspace       used 67314K, committed 68352K, reserved 1114112K
  class space    used 7180K, committed 7616K, reserved 1048576K
}
Event: 1768.830 GC heap before
{Heap before GC invocations=60 (full 4):
 PSYoungGen      total 6656K, used 4887K [0x00000000eab00000, 0x00000000eb900000, 0x0000000100000000)
  eden space 6144K, 71% used [0x00000000eab00000,0x00000000eaf47518,0x00000000eb100000)
  from space 512K, 98% used [0x00000000eb880000,0x00000000eb8fe7a0,0x00000000eb900000)
  to   space 1024K, 0% used [0x00000000eb700000,0x00000000eb700000,0x00000000eb800000)
 ParOldGen       total 113152K, used 93979K [0x00000000c0000000, 0x00000000c6e80000, 0x00000000eab00000)
  object space 113152K, 83% used [0x00000000c0000000,0x00000000c5bc6c20,0x00000000c6e80000)
 Metaspace       used 67314K, committed 68352K, reserved 1114112K
  class space    used 7180K, committed 7616K, reserved 1048576K
}
Event: 1768.834 GC heap after
{Heap after GC invocations=60 (full 4):
 PSYoungGen      total 7168K, used 456K [0x00000000eab00000, 0x00000000eb900000, 0x0000000100000000)
  eden space 6144K, 0% used [0x00000000eab00000,0x00000000eab00000,0x00000000eb100000)
  from space 1024K, 44% used [0x00000000eb700000,0x00000000eb7723a8,0x00000000eb800000)
  to   space 1024K, 0% used [0x00000000eb800000,0x00000000eb800000,0x00000000eb900000)
 ParOldGen       total 113152K, used 94156K [0x00000000c0000000, 0x00000000c6e80000, 0x00000000eab00000)
  object space 113152K, 83% used [0x00000000c0000000,0x00000000c5bf3018,0x00000000c6e80000)
 Metaspace       used 67314K, committed 68352K, reserved 1114112K
  class space    used 7180K, committed 7616K, reserved 1048576K
}
Event: 1768.861 GC heap before
{Heap before GC invocations=61 (full 4):
 PSYoungGen      total 7168K, used 4923K [0x00000000eab00000, 0x00000000eb900000, 0x0000000100000000)
  eden space 6144K, 72% used [0x00000000eab00000,0x00000000eaf5caf0,0x00000000eb100000)
  from space 1024K, 44% used [0x00000000eb700000,0x00000000eb7723a8,0x00000000eb800000)
  to   space 1024K, 0% used [0x00000000eb800000,0x00000000eb800000,0x00000000eb900000)
 ParOldGen       total 113152K, used 94156K [0x00000000c0000000, 0x00000000c6e80000, 0x00000000eab00000)
  object space 113152K, 83% used [0x00000000c0000000,0x00000000c5bf3018,0x00000000c6e80000)
 Metaspace       used 67314K, committed 68352K, reserved 1114112K
  class space    used 7180K, committed 7616K, reserved 1048576K
}
Event: 1768.865 GC heap after
{Heap after GC invocations=61 (full 4):
 PSYoungGen      total 6656K, used 488K [0x00000000eab00000, 0x00000000eb880000, 0x0000000100000000)
  eden space 6144K, 0% used [0x00000000eab00000,0x00000000eab00000,0x00000000eb100000)
  from space 512K, 95% used [0x00000000eb800000,0x00000000eb87a3a8,0x00000000eb880000)
  to   space 512K, 0% used [0x00000000eb780000,0x00000000eb780000,0x00000000eb800000)
 ParOldGen       total 113152K, used 94156K [0x00000000c0000000, 0x00000000c6e80000, 0x00000000eab00000)
  object space 113152K, 83% used [0x00000000c0000000,0x00000000c5bf3018,0x00000000c6e80000)
 Metaspace       used 67314K, committed 68352K, reserved 1114112K
  class space    used 7180K, committed 7616K, reserved 1048576K
}
Event: 1857.941 GC heap before
{Heap before GC invocations=62 (full 4):
 PSYoungGen      total 6656K, used 6632K [0x00000000eab00000, 0x00000000eb880000, 0x0000000100000000)
  eden space 6144K, 100% used [0x00000000eab00000,0x00000000eb100000,0x00000000eb100000)
  from space 512K, 95% used [0x00000000eb800000,0x00000000eb87a3a8,0x00000000eb880000)
  to   space 512K, 0% used [0x00000000eb780000,0x00000000eb780000,0x00000000eb800000)
 ParOldGen       total 113152K, used 94156K [0x00000000c0000000, 0x00000000c6e80000, 0x00000000eab00000)
  object space 113152K, 83% used [0x00000000c0000000,0x00000000c5bf3018,0x00000000c6e80000)
 Metaspace       used 67327K, committed 68352K, reserved 1114112K
  class space    used 7180K, committed 7616K, reserved 1048576K
}
Event: 1858.324 GC heap after
{Heap after GC invocations=62 (full 4):
 PSYoungGen      total 6656K, used 495K [0x00000000eab00000, 0x00000000eb880000, 0x0000000100000000)
  eden space 6144K, 0% used [0x00000000eab00000,0x00000000eab00000,0x00000000eb100000)
  from space 512K, 96% used [0x00000000eb780000,0x00000000eb7fbf60,0x00000000eb800000)
  to   space 512K, 0% used [0x00000000eb800000,0x00000000eb800000,0x00000000eb880000)
 ParOldGen       total 113152K, used 96421K [0x00000000c0000000, 0x00000000c6e80000, 0x00000000eab00000)
  object space 113152K, 85% used [0x00000000c0000000,0x00000000c5e296d8,0x00000000c6e80000)
 Metaspace       used 67327K, committed 68352K, reserved 1114112K
  class space    used 7180K, committed 7616K, reserved 1048576K
}

